<?xml version="1.0" encoding="UTF-8"?>
<testsuite xmlns:xsi="http://www.w3.org/2001/XMLSchema-instance" xsi:noNamespaceSchemaLocation="https://maven.apache.org/surefire/maven-surefire-plugin/xsd/surefire-test-report.xsd" name="cn.smbms.dao.user.UserTest" time="0.824" tests="3" errors="0" skipped="0" failures="0">
  <properties>
[...]
</properties>
  <testcase name="test01" classname="cn.smbms.dao.user.UserTest" time="0.59"/>
  <testcase name="test02" classname="cn.smbms.dao.user.UserTest" time="0.042"/>
  <testcase name="test03" classname="cn.smbms.dao.user.UserTest" time="0.069"/>
</testsuite>